<?xml version="1.0" encoding="utf-8" standalone="no"?>
<test-results xmlns:xsi="http://www.w3.org/2001/XMLSchema-instance" xsi:noNamespaceSchemaLocation="nunit_schema_2.5.xsd" name="Pester" total="0" errors="0" failures="0" not-run="0" inconclusive="0" ignored="0" skipped="0" invalid="0" date="2019-02-22" time="20:58:15">
  <environment platform="Darwin" cwd="/Users/leonfs/domains/hmcts.gov.uk/cnp-aks-rbac-pipelines" machine-name="Leonardos-MacBook-Pro.local" nunit-version="2.5.8.0" user-domain="" user="leonfs" os-version="18.0.0" clr-version="Unknown" />
  <culture-info current-culture="en-GB" current-uiculture="en-GB" />
  <test-suite type="TestFixture" name="Pester" executed="True" result="Success" success="True" time="0" asserts="0" description="Pester">
    <results />
  </test-suite>
</test-results>